Start testing: Dec 04 22:09 EST
----------------------------------------------------------
1/1 Testing: HelloTest.BasicAssertions
1/1 Test: HelloTest.BasicAssertions
Command: "/home/jmaloney/Documents/mlone/build/matrixTest" "--gtest_filter=HelloTest.BasicAssertions" "--gtest_also_run_disabled_tests"
Directory: /home/jmaloney/Documents/mlone/build
"HelloTest.BasicAssertions" start time: Dec 04 22:09 EST
Output:
----------------------------------------------------------
Running main() from /home/jmaloney/Documents/mlone/build/_deps/googletest-src/googletest/src/gtest_main.cc
Note: Google Test filter = HelloTest.BasicAssertions
[==========] Running 1 test from 1 test suite.
[----------] Global test environment set-up.
[----------] 1 test from HelloTest
[ RUN      ] HelloTest.BasicAssertions
/home/jmaloney/Documents/mlone/src/testing/matrixTest.cc:8: Failure
Expected: ("hello") != ("hello"), actual: "hello" vs "hello"

[  FAILED  ] HelloTest.BasicAssertions (0 ms)
[----------] 1 test from HelloTest (0 ms total)

[----------] Global test environment tear-down
[==========] 1 test from 1 test suite ran. (0 ms total)
[  PASSED  ] 0 tests.
[  FAILED  ] 1 test, listed below:
[  FAILED  ] HelloTest.BasicAssertions

 1 FAILED TEST
<end of output>
Test time =   0.00 sec
----------------------------------------------------------
Test Failed.
"HelloTest.BasicAssertions" end time: Dec 04 22:09 EST
"HelloTest.BasicAssertions" time elapsed: 00:00:00
----------------------------------------------------------

End testing: Dec 04 22:09 EST
